2021-11-30 17:55:41,949 - root - INFO - 工业图像采集过程模拟视角变换模型,俯仰角调节参数:[45]横滚角调节参数:[45]航向角调节参数:[45]缩放倍数参数:[1]
2021-11-30 17:55:41,950 - root - INFO - 视角变换前工件图像尺寸,工件宽度width:[200]工件高度height:[200]
2021-11-30 17:55:41,951 - root - INFO - 视角变换前缺陷中心点坐标与尺寸,缺陷中心点坐标x:[129.5]缺陷中心点坐标y:[87.0]缺陷宽度width:[65.0]缺陷高度height:[110.00000000000001]
2021-11-30 17:55:41,952 - root - INFO - 视角变换前缺陷中心点坐标与尺寸,缺陷中心点坐标x:[46.0]缺陷中心点坐标y:[135.5]缺陷宽度width:[52.0]缺陷高度height:[35.0]
2021-11-30 17:55:41,999 - root - INFO - 相机高度为：2290.1240691817247
2021-11-30 17:55:43,386 - root - INFO - 视角变换后工件图像尺寸,工件宽度width:[199]工件高度height:[200]
2021-11-30 17:55:43,386 - root - INFO - 视角变换后缺陷中心点坐标与尺寸,缺陷中心点坐标x:[109.5]缺陷中心点坐标y:[86.5]缺陷宽度width:[87.0]缺陷高度height:[105.0]
2021-11-30 17:55:43,387 - root - INFO - 视角变换后缺陷中心点坐标与尺寸,缺陷中心点坐标x:[90.0]缺陷中心点坐标y:[142.5]缺陷宽度width:[36.0]缺陷高度height:[35.0]
2021-11-30 17:59:10,389 - root - INFO - 工业图像采集过程模拟视角变换模型,俯仰角调节参数:[45]横滚角调节参数:[45]航向角调节参数:[45]高度参数:[1]
2021-11-30 17:59:10,390 - root - INFO - 视角变换前工件图像尺寸,工件宽度width:[200]工件高度height:[200]
2021-11-30 17:59:10,391 - root - INFO - 视角变换前缺陷中心点坐标与尺寸,缺陷中心点坐标x:[129.5]缺陷中心点坐标y:[87.0]缺陷宽度width:[65.0]缺陷高度height:[110.00000000000001]
2021-11-30 17:59:10,391 - root - INFO - 视角变换前缺陷中心点坐标与尺寸,缺陷中心点坐标x:[46.0]缺陷中心点坐标y:[135.5]缺陷宽度width:[52.0]缺陷高度height:[35.0]
2021-11-30 17:59:10,392 - root - INFO - 相机高度为：2290.1240691817247
2021-11-30 17:59:11,004 - root - INFO - 视角变换后工件图像尺寸,工件宽度width:[199]工件高度height:[200]
2021-11-30 17:59:11,005 - root - INFO - 视角变换后缺陷中心点坐标与尺寸,缺陷中心点坐标x:[109.5]缺陷中心点坐标y:[86.5]缺陷宽度width:[87.0]缺陷高度height:[105.0]
2021-11-30 17:59:11,005 - root - INFO - 视角变换后缺陷中心点坐标与尺寸,缺陷中心点坐标x:[90.0]缺陷中心点坐标y:[142.5]缺陷宽度width:[36.0]缺陷高度height:[35.0]
2021-11-30 18:02:54,205 - root - INFO - 工业图像采集过程模拟视角变换模型,俯仰角调节参数:[45]横滚角调节参数:[45]航向角调节参数:[45]高度参数:[1]
2021-11-30 18:02:54,206 - root - INFO - 视角变换前工件图像尺寸,工件宽度width:[200]工件高度height:[200]
2021-11-30 18:02:54,207 - root - INFO - 视角变换前缺陷中心点坐标与尺寸,缺陷中心点坐标x:[129.5]缺陷中心点坐标y:[87.0]缺陷宽度width:[65.0]缺陷高度height:[110.00000000000001]
2021-11-30 18:02:54,208 - root - INFO - 视角变换前缺陷中心点坐标与尺寸,缺陷中心点坐标x:[46.0]缺陷中心点坐标y:[135.5]缺陷宽度width:[52.0]缺陷高度height:[35.0]
2021-11-30 18:02:54,210 - root - INFO - 相机高度为：2290.1240691817247
2021-11-30 18:02:55,057 - root - INFO - 视角变换后工件图像尺寸,工件宽度width:[199]工件高度height:[200]
2021-11-30 18:02:55,058 - root - INFO - 视角变换后缺陷中心点坐标与尺寸,缺陷中心点坐标x:[109.5]缺陷中心点坐标y:[86.5]缺陷宽度width:[87.0]缺陷高度height:[105.0]
2021-11-30 18:02:55,058 - root - INFO - 视角变换后缺陷中心点坐标与尺寸,缺陷中心点坐标x:[90.0]缺陷中心点坐标y:[142.5]缺陷宽度width:[36.0]缺陷高度height:[35.0]
2021-11-30 18:03:25,785 - root - INFO - 工业图像采集过程模拟视角变换模型,俯仰角调节参数:[45]横滚角调节参数:[45]航向角调节参数:[45]高度参数:[100]
2021-11-30 18:03:25,786 - root - INFO - 视角变换前工件图像尺寸,工件宽度width:[200]工件高度height:[200]
2021-11-30 18:03:25,787 - root - INFO - 视角变换前缺陷中心点坐标与尺寸,缺陷中心点坐标x:[129.5]缺陷中心点坐标y:[87.0]缺陷宽度width:[65.0]缺陷高度height:[110.00000000000001]
2021-11-30 18:03:25,787 - root - INFO - 视角变换前缺陷中心点坐标与尺寸,缺陷中心点坐标x:[46.0]缺陷中心点坐标y:[135.5]缺陷宽度width:[52.0]缺陷高度height:[35.0]
2021-11-30 18:03:25,789 - root - INFO - 相机高度为：2389.1240691817247
2021-11-30 18:03:26,403 - root - INFO - 视角变换后工件图像尺寸,工件宽度width:[199]工件高度height:[200]
2021-11-30 18:03:26,403 - root - INFO - 视角变换后缺陷中心点坐标与尺寸,缺陷中心点坐标x:[109.5]缺陷中心点坐标y:[87.0]缺陷宽度width:[87.0]缺陷高度height:[104.0]
2021-11-30 18:03:26,404 - root - INFO - 视角变换后缺陷中心点坐标与尺寸,缺陷中心点坐标x:[90.5]缺陷中心点坐标y:[142.5]缺陷宽度width:[37.0]缺陷高度height:[35.0]
2021-11-30 18:03:35,541 - root - INFO - 工业图像采集过程模拟视角变换模型,俯仰角调节参数:[45]横滚角调节参数:[45]航向角调节参数:[45]高度参数:[1000]
2021-11-30 18:03:35,542 - root - INFO - 视角变换前工件图像尺寸,工件宽度width:[200]工件高度height:[200]
2021-11-30 18:03:35,543 - root - INFO - 视角变换前缺陷中心点坐标与尺寸,缺陷中心点坐标x:[129.5]缺陷中心点坐标y:[87.0]缺陷宽度width:[65.0]缺陷高度height:[110.00000000000001]
2021-11-30 18:03:35,544 - root - INFO - 视角变换前缺陷中心点坐标与尺寸,缺陷中心点坐标x:[46.0]缺陷中心点坐标y:[135.5]缺陷宽度width:[52.0]缺陷高度height:[35.0]
2021-11-30 18:03:35,546 - root - INFO - 相机高度为：3289.1240691817247
2021-11-30 18:03:36,289 - root - INFO - 视角变换后工件图像尺寸,工件宽度width:[200]工件高度height:[200]
2021-11-30 18:03:36,290 - root - INFO - 视角变换后缺陷中心点坐标与尺寸,缺陷中心点坐标x:[109.5]缺陷中心点坐标y:[85.0]缺陷宽度width:[87.0]缺陷高度height:[104.0]
2021-11-30 18:03:36,291 - root - INFO - 视角变换后缺陷中心点坐标与尺寸,缺陷中心点坐标x:[90.5]缺陷中心点坐标y:[140.5]缺陷宽度width:[37.0]缺陷高度height:[35.0]
2021-11-30 18:04:24,316 - root - INFO - 工业图像采集过程模拟视角变换模型,俯仰角调节参数:[45]横滚角调节参数:[45]航向角调节参数:[45]高度参数:[1000]
2021-11-30 18:04:24,316 - root - INFO - 视角变换前工件图像尺寸,工件宽度width:[200]工件高度height:[200]
2021-11-30 18:04:24,317 - root - INFO - 视角变换前缺陷中心点坐标与尺寸,缺陷中心点坐标x:[129.5]缺陷中心点坐标y:[87.0]缺陷宽度width:[65.0]缺陷高度height:[110.00000000000001]
2021-11-30 18:04:24,318 - root - INFO - 视角变换前缺陷中心点坐标与尺寸,缺陷中心点坐标x:[46.0]缺陷中心点坐标y:[135.5]缺陷宽度width:[52.0]缺陷高度height:[35.0]
2021-11-30 18:04:24,319 - root - INFO - 相机高度为：3289.1240691817247
2021-11-30 18:04:25,022 - root - INFO - 视角变换后工件图像尺寸,工件宽度width:[200]工件高度height:[200]
2021-11-30 18:04:25,023 - root - INFO - 视角变换后缺陷中心点坐标与尺寸,缺陷中心点坐标x:[109.5]缺陷中心点坐标y:[85.0]缺陷宽度width:[87.0]缺陷高度height:[104.0]
2021-11-30 18:04:25,023 - root - INFO - 视角变换后缺陷中心点坐标与尺寸,缺陷中心点坐标x:[90.5]缺陷中心点坐标y:[140.5]缺陷宽度width:[37.0]缺陷高度height:[35.0]
2021-11-30 18:04:40,052 - root - INFO - 工业图像采集过程模拟视角变换模型,俯仰角调节参数:[45]横滚角调节参数:[45]航向角调节参数:[45]高度参数:[1000]
2021-11-30 18:04:40,052 - root - INFO - 视角变换前工件图像尺寸,工件宽度width:[200]工件高度height:[200]
2021-11-30 18:04:40,053 - root - INFO - 视角变换前缺陷中心点坐标与尺寸,缺陷中心点坐标x:[129.5]缺陷中心点坐标y:[87.0]缺陷宽度width:[65.0]缺陷高度height:[110.00000000000001]
2021-11-30 18:04:40,054 - root - INFO - 视角变换前缺陷中心点坐标与尺寸,缺陷中心点坐标x:[46.0]缺陷中心点坐标y:[135.5]缺陷宽度width:[52.0]缺陷高度height:[35.0]
2021-11-30 18:04:40,055 - root - INFO - 相机高度为：3289.1240691817247
2021-11-30 18:04:40,774 - root - INFO - 视角变换后工件图像尺寸,工件宽度width:[200]工件高度height:[200]
2021-11-30 18:04:40,775 - root - INFO - 视角变换后缺陷中心点坐标与尺寸,缺陷中心点坐标x:[109.5]缺陷中心点坐标y:[85.0]缺陷宽度width:[87.0]缺陷高度height:[104.0]
2021-11-30 18:04:40,775 - root - INFO - 视角变换后缺陷中心点坐标与尺寸,缺陷中心点坐标x:[90.5]缺陷中心点坐标y:[140.5]缺陷宽度width:[37.0]缺陷高度height:[35.0]
2021-11-30 18:07:07,302 - root - INFO - 工业图像采集过程模拟视角变换模型,俯仰角调节参数:[45]横滚角调节参数:[45]航向角调节参数:[60]高度参数:[1000]
2021-11-30 18:07:07,302 - root - INFO - 视角变换前工件图像尺寸,工件宽度width:[200]工件高度height:[200]
2021-11-30 18:07:07,303 - root - INFO - 视角变换前缺陷中心点坐标与尺寸,缺陷中心点坐标x:[129.5]缺陷中心点坐标y:[87.0]缺陷宽度width:[65.0]缺陷高度height:[110.00000000000001]
2021-11-30 18:07:07,304 - root - INFO - 视角变换前缺陷中心点坐标与尺寸,缺陷中心点坐标x:[46.0]缺陷中心点坐标y:[135.5]缺陷宽度width:[52.0]缺陷高度height:[35.0]
2021-11-30 18:07:07,306 - root - INFO - 相机高度为：3289.1240691817247
2021-11-30 18:07:08,136 - root - INFO - 视角变换后工件图像尺寸,工件宽度width:[193]工件高度height:[230]
2021-11-30 18:07:08,136 - root - INFO - 视角变换后缺陷中心点坐标与尺寸,缺陷中心点坐标x:[98.5]缺陷中心点坐标y:[95.5]缺陷宽度width:[91.0]缺陷高度height:[111.0]
2021-11-30 18:07:08,137 - root - INFO - 视角变换后缺陷中心点坐标与尺寸,缺陷中心点坐标x:[98.0]缺陷中心点坐标y:[168.0]缺陷宽度width:[36.0]缺陷高度height:[44.0]
2021-11-30 18:07:25,215 - root - INFO - 工业图像采集过程模拟视角变换模型,俯仰角调节参数:[0]横滚角调节参数:[0]航向角调节参数:[60]高度参数:[1000]
2021-11-30 18:07:25,216 - root - INFO - 视角变换前工件图像尺寸,工件宽度width:[200]工件高度height:[200]
2021-11-30 18:07:25,216 - root - INFO - 视角变换前缺陷中心点坐标与尺寸,缺陷中心点坐标x:[129.5]缺陷中心点坐标y:[87.0]缺陷宽度width:[65.0]缺陷高度height:[110.00000000000001]
2021-11-30 18:07:25,217 - root - INFO - 视角变换前缺陷中心点坐标与尺寸,缺陷中心点坐标x:[46.0]缺陷中心点坐标y:[135.5]缺陷宽度width:[52.0]缺陷高度height:[35.0]
2021-11-30 18:07:25,218 - root - INFO - 相机高度为：3289.1240691817247
2021-11-30 18:07:26,109 - root - INFO - 视角变换后工件图像尺寸,工件宽度width:[273]工件高度height:[273]
2021-11-30 18:07:26,110 - root - INFO - 视角变换后缺陷中心点坐标与尺寸,缺陷中心点坐标x:[139.0]缺陷中心点坐标y:[102.5]缺陷宽度width:[128.0]缺陷高度height:[111.0]
2021-11-30 18:07:26,110 - root - INFO - 视角变换后缺陷中心点坐标与尺寸,缺陷中心点坐标x:[142.5]缺陷中心点坐标y:[198.5]缺陷宽度width:[51.0]缺陷高度height:[59.0]
2021-11-30 18:07:42,915 - root - INFO - 工业图像采集过程模拟视角变换模型,俯仰角调节参数:[0]横滚角调节参数:[0]航向角调节参数:[0]高度参数:[1000]
2021-11-30 18:07:42,916 - root - INFO - 视角变换前工件图像尺寸,工件宽度width:[200]工件高度height:[200]
2021-11-30 18:07:42,916 - root - INFO - 视角变换前缺陷中心点坐标与尺寸,缺陷中心点坐标x:[129.5]缺陷中心点坐标y:[87.0]缺陷宽度width:[65.0]缺陷高度height:[110.00000000000001]
2021-11-30 18:07:42,917 - root - INFO - 视角变换前缺陷中心点坐标与尺寸,缺陷中心点坐标x:[46.0]缺陷中心点坐标y:[135.5]缺陷宽度width:[52.0]缺陷高度height:[35.0]
2021-11-30 18:07:42,919 - root - INFO - 相机高度为：3289.1240691817247
2021-11-30 18:07:43,710 - root - INFO - 视角变换后工件图像尺寸,工件宽度width:[199]工件高度height:[199]
2021-11-30 18:07:43,711 - root - INFO - 视角变换后缺陷中心点坐标与尺寸,缺陷中心点坐标x:[129.0]缺陷中心点坐标y:[85.0]缺陷宽度width:[64.0]缺陷高度height:[108.0]
2021-11-30 18:07:43,712 - root - INFO - 视角变换后缺陷中心点坐标与尺寸,缺陷中心点坐标x:[45.5]缺陷中心点坐标y:[136.0]缺陷宽度width:[51.0]缺陷高度height:[34.0]
2021-11-30 18:07:53,390 - root - INFO - 工业图像采集过程模拟视角变换模型,俯仰角调节参数:[0]横滚角调节参数:[0]航向角调节参数:[0]高度参数:[-1000]
2021-11-30 18:07:53,392 - root - INFO - 视角变换前工件图像尺寸,工件宽度width:[200]工件高度height:[200]
2021-11-30 18:07:53,393 - root - INFO - 视角变换前缺陷中心点坐标与尺寸,缺陷中心点坐标x:[129.5]缺陷中心点坐标y:[87.0]缺陷宽度width:[65.0]缺陷高度height:[110.00000000000001]
2021-11-30 18:07:53,394 - root - INFO - 视角变换前缺陷中心点坐标与尺寸,缺陷中心点坐标x:[46.0]缺陷中心点坐标y:[135.5]缺陷宽度width:[52.0]缺陷高度height:[35.0]
2021-11-30 18:07:53,396 - root - INFO - 相机高度为：1289.1240691817247
2021-11-30 18:07:54,510 - root - INFO - 视角变换后工件图像尺寸,工件宽度width:[199]工件高度height:[199]
2021-11-30 18:07:54,510 - root - INFO - 视角变换后缺陷中心点坐标与尺寸,缺陷中心点坐标x:[129.0]缺陷中心点坐标y:[85.0]缺陷宽度width:[64.0]缺陷高度height:[108.0]
2021-11-30 18:07:54,511 - root - INFO - 视角变换后缺陷中心点坐标与尺寸,缺陷中心点坐标x:[45.5]缺陷中心点坐标y:[136.0]缺陷宽度width:[51.0]缺陷高度height:[34.0]
2021-11-30 18:08:08,021 - root - INFO - 工业图像采集过程模拟视角变换模型,俯仰角调节参数:[0]横滚角调节参数:[0]航向角调节参数:[45]高度参数:[0]
2021-11-30 18:08:08,022 - root - INFO - 视角变换前工件图像尺寸,工件宽度width:[200]工件高度height:[200]
2021-11-30 18:08:08,023 - root - INFO - 视角变换前缺陷中心点坐标与尺寸,缺陷中心点坐标x:[129.5]缺陷中心点坐标y:[87.0]缺陷宽度width:[65.0]缺陷高度height:[110.00000000000001]
2021-11-30 18:08:08,023 - root - INFO - 视角变换前缺陷中心点坐标与尺寸,缺陷中心点坐标x:[46.0]缺陷中心点坐标y:[135.5]缺陷宽度width:[52.0]缺陷高度height:[35.0]
2021-11-30 18:08:08,025 - root - INFO - 相机高度为：2289.1240691817247
2021-11-30 18:08:09,087 - root - INFO - 视角变换后工件图像尺寸,工件宽度width:[283]工件高度height:[282]
2021-11-30 18:08:09,087 - root - INFO - 视角变换后缺陷中心点坐标与尺寸,缺陷中心点坐标x:[152.50000000000003]缺陷中心点坐标y:[109.5]缺陷宽度width:[123.0]缺陷高度height:[123.0]
2021-11-30 18:08:09,088 - root - INFO - 视角变换后缺陷中心点坐标与尺寸,缺陷中心点坐标x:[129.0]缺陷中心点坐标y:[200.0]缺陷宽度width:[52.0]缺陷高度height:[54.0]
2021-11-30 18:11:45,525 - root - INFO - 工业图像采集过程模拟视角变换模型,俯仰角调节参数:[0]横滚角调节参数:[0]航向角调节参数:[45]高度参数:[0]
2021-11-30 18:11:45,526 - root - INFO - 视角变换前工件图像尺寸,工件宽度width:[200]工件高度height:[200]
2021-11-30 18:11:45,527 - root - INFO - 视角变换前缺陷中心点坐标与尺寸,缺陷中心点坐标x:[129.5]缺陷中心点坐标y:[87.0]缺陷宽度width:[65.0]缺陷高度height:[110.00000000000001]
2021-11-30 18:11:45,528 - root - INFO - 视角变换前缺陷中心点坐标与尺寸,缺陷中心点坐标x:[46.0]缺陷中心点坐标y:[135.5]缺陷宽度width:[52.0]缺陷高度height:[35.0]
2021-11-30 18:11:45,530 - root - INFO - 相机高度为：2289.1240691817247
2021-11-30 18:11:46,704 - root - INFO - 视角变换后工件图像尺寸,工件宽度width:[283]工件高度height:[282]
2021-11-30 18:11:46,705 - root - INFO - 视角变换后缺陷中心点坐标与尺寸,缺陷中心点坐标x:[152.50000000000003]缺陷中心点坐标y:[109.5]缺陷宽度width:[123.0]缺陷高度height:[123.0]
2021-11-30 18:11:46,705 - root - INFO - 视角变换后缺陷中心点坐标与尺寸,缺陷中心点坐标x:[129.0]缺陷中心点坐标y:[200.0]缺陷宽度width:[52.0]缺陷高度height:[54.0]
2021-11-30 18:12:25,794 - root - INFO - 工业图像采集过程模拟视角变换模型,俯仰角调节参数:[0]横滚角调节参数:[0]航向角调节参数:[45]高度参数:[0]
2021-11-30 18:12:25,795 - root - INFO - 视角变换前工件图像尺寸,工件宽度width:[200]工件高度height:[200]
2021-11-30 18:12:25,796 - root - INFO - 视角变换前缺陷中心点坐标与尺寸,缺陷中心点坐标x:[129.5]缺陷中心点坐标y:[87.0]缺陷宽度width:[65.0]缺陷高度height:[110.00000000000001]
2021-11-30 18:12:25,797 - root - INFO - 视角变换前缺陷中心点坐标与尺寸,缺陷中心点坐标x:[46.0]缺陷中心点坐标y:[135.5]缺陷宽度width:[52.0]缺陷高度height:[35.0]
2021-11-30 18:12:25,798 - root - INFO - 相机高度为：2289.1240691817247
2021-11-30 18:12:26,434 - root - INFO - 视角变换后工件图像尺寸,工件宽度width:[283]工件高度height:[282]
2021-11-30 18:12:26,434 - root - INFO - 视角变换后缺陷中心点坐标与尺寸,缺陷中心点坐标x:[152.50000000000003]缺陷中心点坐标y:[109.5]缺陷宽度width:[123.0]缺陷高度height:[123.0]
2021-11-30 18:12:26,435 - root - INFO - 视角变换后缺陷中心点坐标与尺寸,缺陷中心点坐标x:[129.0]缺陷中心点坐标y:[200.0]缺陷宽度width:[52.0]缺陷高度height:[54.0]
2021-11-30 18:12:51,914 - root - INFO - 工业图像采集过程模拟视角变换模型,俯仰角调节参数:[0]横滚角调节参数:[0]航向角调节参数:[45]高度参数:[0]
2021-11-30 18:12:51,914 - root - INFO - 视角变换前工件图像尺寸,工件宽度width:[200]工件高度height:[200]
2021-11-30 18:12:51,915 - root - INFO - 视角变换前缺陷中心点坐标与尺寸,缺陷中心点坐标x:[129.5]缺陷中心点坐标y:[87.0]缺陷宽度width:[65.0]缺陷高度height:[110.00000000000001]
2021-11-30 18:12:51,915 - root - INFO - 视角变换前缺陷中心点坐标与尺寸,缺陷中心点坐标x:[46.0]缺陷中心点坐标y:[135.5]缺陷宽度width:[52.0]缺陷高度height:[35.0]
2021-11-30 18:12:51,917 - root - INFO - 相机高度为：2289.1240691817247
2021-11-30 18:12:52,567 - root - INFO - 视角变换后工件图像尺寸,工件宽度width:[283]工件高度height:[282]
2021-11-30 18:12:52,568 - root - INFO - 视角变换后缺陷中心点坐标与尺寸,缺陷中心点坐标x:[152.50000000000003]缺陷中心点坐标y:[109.5]缺陷宽度width:[123.0]缺陷高度height:[123.0]
2021-11-30 18:12:52,568 - root - INFO - 视角变换后缺陷中心点坐标与尺寸,缺陷中心点坐标x:[129.0]缺陷中心点坐标y:[200.0]缺陷宽度width:[52.0]缺陷高度height:[54.0]
2021-11-30 18:15:02,208 - root - INFO - 工业图像采集过程模拟视角变换模型,俯仰角调节参数:[0]横滚角调节参数:[0]航向角调节参数:[45]高度参数:[0]
2021-11-30 18:15:02,209 - root - INFO - 视角变换前工件图像尺寸,工件宽度width:[200]工件高度height:[200]
2021-11-30 18:15:02,210 - root - INFO - 视角变换前缺陷中心点坐标与尺寸,缺陷中心点坐标x:[129.5]缺陷中心点坐标y:[87.0]缺陷宽度width:[65.0]缺陷高度height:[110.00000000000001]
2021-11-30 18:15:02,211 - root - INFO - 视角变换前缺陷中心点坐标与尺寸,缺陷中心点坐标x:[46.0]缺陷中心点坐标y:[135.5]缺陷宽度width:[52.0]缺陷高度height:[35.0]
2021-11-30 18:15:02,213 - root - INFO - 相机高度为：2289.1240691817247
2021-11-30 18:15:03,970 - root - INFO - 视角变换后工件图像尺寸,工件宽度width:[283]工件高度height:[282]
2021-11-30 18:15:03,971 - root - INFO - 视角变换后缺陷中心点坐标与尺寸,缺陷中心点坐标x:[152.50000000000003]缺陷中心点坐标y:[109.5]缺陷宽度width:[123.0]缺陷高度height:[123.0]
2021-11-30 18:15:03,971 - root - INFO - 视角变换后缺陷中心点坐标与尺寸,缺陷中心点坐标x:[129.0]缺陷中心点坐标y:[200.0]缺陷宽度width:[52.0]缺陷高度height:[54.0]
2021-11-30 18:15:13,423 - root - INFO - 工业图像采集过程模拟视角变换模型,俯仰角调节参数:[0]横滚角调节参数:[0]航向角调节参数:[45]高度参数:[1000]
2021-11-30 18:15:13,424 - root - INFO - 视角变换前工件图像尺寸,工件宽度width:[200]工件高度height:[200]
2021-11-30 18:15:13,426 - root - INFO - 视角变换前缺陷中心点坐标与尺寸,缺陷中心点坐标x:[129.5]缺陷中心点坐标y:[87.0]缺陷宽度width:[65.0]缺陷高度height:[110.00000000000001]
2021-11-30 18:15:13,426 - root - INFO - 视角变换前缺陷中心点坐标与尺寸,缺陷中心点坐标x:[46.0]缺陷中心点坐标y:[135.5]缺陷宽度width:[52.0]缺陷高度height:[35.0]
2021-11-30 18:15:13,428 - root - INFO - 相机高度为：3289.1240691817247
2021-11-30 18:15:15,851 - root - INFO - 视角变换后工件图像尺寸,工件宽度width:[406]工件高度height:[405]
2021-11-30 18:15:15,852 - root - INFO - 视角变换后缺陷中心点坐标与尺寸,缺陷中心点坐标x:[218.7809187279152]缺陷中心点坐标y:[157.26063829787233]缺陷宽度width:[176.45936395759716]缺陷高度height:[176.64893617021278]
2021-11-30 18:15:15,852 - root - INFO - 视角变换后缺陷中心点坐标与尺寸,缺陷中心点坐标x:[185.0671378091873]缺陷中心点坐标y:[287.2340425531915]缺陷宽度width:[74.60070671378092]缺陷高度height:[77.55319148936171]
2021-11-30 18:15:37,739 - root - INFO - 工业图像采集过程模拟视角变换模型,俯仰角调节参数:[0]横滚角调节参数:[0]航向角调节参数:[45]高度参数:[7]
2021-11-30 18:15:37,740 - root - INFO - 视角变换前工件图像尺寸,工件宽度width:[200]工件高度height:[200]
2021-11-30 18:15:37,740 - root - INFO - 视角变换前缺陷中心点坐标与尺寸,缺陷中心点坐标x:[129.5]缺陷中心点坐标y:[87.0]缺陷宽度width:[65.0]缺陷高度height:[110.00000000000001]
2021-11-30 18:15:37,741 - root - INFO - 视角变换前缺陷中心点坐标与尺寸,缺陷中心点坐标x:[46.0]缺陷中心点坐标y:[135.5]缺陷宽度width:[52.0]缺陷高度height:[35.0]
2021-11-30 18:15:37,743 - root - INFO - 相机高度为：2296.1240691817247
2021-11-30 18:15:39,098 - root - INFO - 视角变换后工件图像尺寸,工件宽度width:[283]工件高度height:[282]
2021-11-30 18:15:39,099 - root - INFO - 视角变换后缺陷中心点坐标与尺寸,缺陷中心点坐标x:[152.50000000000003]缺陷中心点坐标y:[109.5]缺陷宽度width:[123.0]缺陷高度height:[123.0]
2021-11-30 18:15:39,099 - root - INFO - 视角变换后缺陷中心点坐标与尺寸,缺陷中心点坐标x:[129.0]缺陷中心点坐标y:[200.0]缺陷宽度width:[52.0]缺陷高度height:[54.0]
2021-11-30 18:17:41,728 - root - INFO - 工业图像采集过程模拟视角变换模型,俯仰角调节参数:[0]横滚角调节参数:[0]航向角调节参数:[45]高度参数:[-709]
2021-11-30 18:17:41,728 - root - INFO - 视角变换前工件图像尺寸,工件宽度width:[200]工件高度height:[200]
2021-11-30 18:17:41,729 - root - INFO - 视角变换前缺陷中心点坐标与尺寸,缺陷中心点坐标x:[129.5]缺陷中心点坐标y:[87.0]缺陷宽度width:[65.0]缺陷高度height:[110.00000000000001]
2021-11-30 18:17:41,729 - root - INFO - 视角变换前缺陷中心点坐标与尺寸,缺陷中心点坐标x:[46.0]缺陷中心点坐标y:[135.5]缺陷宽度width:[52.0]缺陷高度height:[35.0]
2021-11-30 18:17:41,731 - root - INFO - 视角高度变换前相机高度为：2289.1240691817247
2021-11-30 18:17:42,704 - root - INFO - 视角变换后工件图像尺寸,工件宽度width:[195]工件高度height:[194]
2021-11-30 18:17:42,705 - root - INFO - 视角高度变换后相机高度为：1580.1240691817247
2021-11-30 18:17:42,705 - root - INFO - 视角变换后缺陷中心点坐标与尺寸,缺陷中心点坐标x:[105.07950530035336]缺陷中心点坐标y:[75.32978723404256]缺陷宽度width:[84.75265017667844]缺陷高度height:[84.61702127659575]
2021-11-30 18:17:42,706 - root - INFO - 视角变换后缺陷中心点坐标与尺寸,缺陷中心点坐标x:[88.886925795053]缺陷中心点坐标y:[137.5886524822695]缺陷宽度width:[35.830388692579504]缺陷高度height:[37.148936170212764]
